<?xml version="1.0" encoding="UTF-8"?>
<!-- Generated by org.testng.reporters.JUnitReportReporter -->
<testsuite hostname="DESKTOP-EQHIDO3" name="com.esg.executableclasses.ApogeUploadExecutableClass" tests="5" failures="0" timestamp="25 Feb 2020 11:16:37 GMT" time="462.590" errors="0">
  <testcase name="UploadFileStep" time="102.503" classname="com.esg.executableclasses.ApogeUploadExecutableClass"/>
  <testcase name="VerifyApogeeWithoutModifiedFilesStep" time="251.328" classname="com.esg.executableclasses.ApogeUploadExecutableClass"/>
  <testcase name="VerifyApogeeWithModifiedFilesStep" time="25.309" classname="com.esg.executableclasses.ApogeUploadExecutableClass"/>
  <testcase name="LoginStep" time="36.134" classname="com.esg.executableclasses.ApogeUploadExecutableClass"/>
  <testcase name="EnrollmentStep" time="47.316" classname="com.esg.executableclasses.ApogeUploadExecutableClass"/>
</testsuite> <!-- com.esg.executableclasses.ApogeUploadExecutableClass -->
