<?xml version="1.0" encoding="UTF-8"?>
<!-- Generated by org.testng.reporters.JUnitReportReporter -->
<testsuite hostname="DESKTOP-EQHIDO3" name="com.esg.executableclasses.AddandtrackInventoryExecutableClass" tests="3" failures="0" timestamp="24 Feb 2020 10:01:56 GMT" time="258.841" errors="0">
  <testcase name="TrackInventory" time="134.573" classname="com.esg.executableclasses.AddandtrackInventoryExecutableClass"/>
  <testcase name="AddInventory" time="88.171" classname="com.esg.executableclasses.AddandtrackInventoryExecutableClass"/>
  <testcase name="LoginMethod" time="36.097" classname="com.esg.executableclasses.AddandtrackInventoryExecutableClass"/>
</testsuite> <!-- com.esg.executableclasses.AddandtrackInventoryExecutableClass -->
