<?xml version="1.0" encoding="UTF-8"?>
<!-- Generated by org.testng.reporters.JUnitReportReporter -->
<testsuite hostname="DESKTOP-EQHIDO3" name="com.esg.executableclasses.EkpcButtonUpExecutableClass" tests="6" failures="0" timestamp="31 Mar 2020 15:12:38 GMT" time="1212.911" errors="0">
  <testcase name="CreateNewEnrollment" time="68.770" classname="com.esg.executableclasses.EkpcButtonUpExecutableClass"/>
  <testcase name="LoginPage" time="43.483" classname="com.esg.executableclasses.EkpcButtonUpExecutableClass"/>
  <testcase name="ValidationMethod" time="8.151" classname="com.esg.executableclasses.EkpcButtonUpExecutableClass"/>
  <testcase name="InvoicingMethod" time="118.885" classname="com.esg.executableclasses.EkpcButtonUpExecutableClass"/>
  <testcase name="NeedtoBeRammedModule" time="891.400" classname="com.esg.executableclasses.EkpcButtonUpExecutableClass"/>
  <testcase name="LeadModule" time="82.222" classname="com.esg.executableclasses.EkpcButtonUpExecutableClass"/>
</testsuite> <!-- com.esg.executableclasses.EkpcButtonUpExecutableClass -->
