<?xml version="1.0" encoding="UTF-8"?>
<!-- Generated by org.testng.reporters.JUnitReportReporter -->
<testsuite hostname="DESKTOP-EQHIDO3" name="com.esg.executableclasses.AddandtrackInventoryExecutableClass" tests="3" failures="0" timestamp="31 Mar 2020 04:23:45 GMT" time="298.401" errors="0">
  <testcase name="LoginMethod" time="37.930" classname="com.esg.executableclasses.AddandtrackInventoryExecutableClass"/>
  <testcase name="TrackInventory" time="178.453" classname="com.esg.executableclasses.AddandtrackInventoryExecutableClass"/>
  <testcase name="AddInventory" time="82.018" classname="com.esg.executableclasses.AddandtrackInventoryExecutableClass"/>
</testsuite> <!-- com.esg.executableclasses.AddandtrackInventoryExecutableClass -->
