<?xml version="1.0" encoding="UTF-8"?>
<!-- Generated by org.testng.reporters.JUnitReportReporter -->
<testsuite hostname="DESKTOP-EQHIDO3" name="com.esg.executableclasses.CreateNewLoanExecutableClass" tests="3" failures="0" timestamp="3 Mar 2020 08:41:10 GMT" time="675.966" errors="0">
  <testcase name="LoginStep" time="47.823" classname="com.esg.executableclasses.CreateNewLoanExecutableClass"/>
  <testcase name="CreateLoanModule" time="281.500" classname="com.esg.executableclasses.CreateNewLoanExecutableClass"/>
  <testcase name="LoanSearch" time="346.643" classname="com.esg.executableclasses.CreateNewLoanExecutableClass"/>
</testsuite> <!-- com.esg.executableclasses.CreateNewLoanExecutableClass -->
