<?xml version="1.0" encoding="UTF-8"?>
<!-- Generated by org.testng.reporters.JUnitReportReporter -->
<testsuite hostname="DESKTOP-EQHIDO3" name="com.esg.executableclasses.LetterListSearchExecutableClass" tests="2" failures="0" timestamp="3 Mar 2020 03:11:46 GMT" time="136.154" errors="0">
  <testcase name="LetterList_Search" time="86.318" classname="com.esg.executableclasses.LetterListSearchExecutableClass"/>
  <testcase name="LetterListSearch_Login" time="49.836" classname="com.esg.executableclasses.LetterListSearchExecutableClass"/>
</testsuite> <!-- com.esg.executableclasses.LetterListSearchExecutableClass -->
