<?xml version="1.0" encoding="UTF-8"?>
<!-- Generated by org.testng.reporters.JUnitReportReporter -->
<testsuite hostname="DESKTOP-EQHIDO3" name="com.esg.executableclasses.BenchMarking_ExecutableClass" tests="10" failures="0" timestamp="31 Mar 2020 04:06:02 GMT" time="2646.607" errors="0">
  <testcase name="BenchmarkingNonaggreedatedModule" time="1040.711" classname="com.esg.executableclasses.BenchMarking_ExecutableClass"/>
  <testcase name="BenchmarkingDataRequestPortalModule" time="937.577" classname="com.esg.executableclasses.BenchMarking_ExecutableClass"/>
  <testcase name="Property2_ComRes1Module" time="83.446" classname="com.esg.executableclasses.BenchMarking_ExecutableClass"/>
  <testcase name="Property4_UnverifiedAddressModule" time="86.067" classname="com.esg.executableclasses.BenchMarking_ExecutableClass"/>
  <testcase name="EECP_PortfolioConfig_Module" time="98.046" classname="com.esg.executableclasses.BenchMarking_ExecutableClass"/>
  <testcase name="Property5_AppartmentcampusModule" time="89.681" classname="com.esg.executableclasses.BenchMarking_ExecutableClass"/>
  <testcase name="Property1_CommercialModule" time="86.944" classname="com.esg.executableclasses.BenchMarking_ExecutableClass"/>
  <testcase name="Property3_ComRes2Module" time="84.665" classname="com.esg.executableclasses.BenchMarking_ExecutableClass"/>
  <testcase name="LoginPage" time="53.408" classname="com.esg.executableclasses.BenchMarking_ExecutableClass"/>
  <testcase name="Verify_Last_Bill_Amount_Module" time="86.062" classname="com.esg.executableclasses.BenchMarking_ExecutableClass"/>
</testsuite> <!-- com.esg.executableclasses.BenchMarking_ExecutableClass -->
