<?xml version="1.0" encoding="UTF-8"?>
<!-- Generated by org.testng.reporters.JUnitReportReporter -->
<testsuite hostname="DESKTOP-EQHIDO3" name="com.esg.executableclasses.Certified_Product_List_CPL_ExecutableClass" tests="1" failures="0" timestamp="27 Feb 2020 05:44:02 GMT" time="603.193" errors="0">
  <testcase name="AHRI_Furnace_Residential_Residential_Backend_Enrollment" time="603.193" classname="com.esg.executableclasses.Certified_Product_List_CPL_ExecutableClass"/>
</testsuite> <!-- com.esg.executableclasses.Certified_Product_List_CPL_ExecutableClass -->
