<?xml version="1.0" encoding="UTF-8"?>
<!-- Generated by org.testng.reporters.JUnitReportReporter -->
<testsuite hostname="DESKTOP-EQHIDO3" name="com.esg.executableclasses.SPGInsulationUpgradeExecutableClass" tests="3" failures="0" timestamp="14 Nov 2019 02:50:31 GMT" time="822.915" errors="0">
  <testcase name="NaturalGasModule" time="340.194" classname="com.esg.executableclasses.SPGInsulationUpgradeExecutableClass"/>
  <testcase name="AtticInsulationModule" time="458.838" classname="com.esg.executableclasses.SPGInsulationUpgradeExecutableClass"/>
  <testcase name="OpenOnlineApplicationStep" time="23.883" classname="com.esg.executableclasses.SPGInsulationUpgradeExecutableClass"/>
</testsuite> <!-- com.esg.executableclasses.SPGInsulationUpgradeExecutableClass -->
