<?xml version="1.0" encoding="UTF-8"?>
<!-- Generated by org.testng.reporters.JUnitReportReporter -->
<testsuite hostname="DESKTOP-EQHIDO3" name="com.esg.executableclasses.MultiServiceInstallationExecutable" tests="9" failures="0" timestamp="28 Jan 2020 06:04:35 GMT" time="609.103" errors="0">
  <testcase name="JobCostSummary" time="13.799" classname="com.esg.executableclasses.MultiServiceInstallationExecutable"/>
  <testcase name="Application" time="17.890" classname="com.esg.executableclasses.MultiServiceInstallationExecutable"/>
  <testcase name="ReinspectionProcess" time="112.982" classname="com.esg.executableclasses.MultiServiceInstallationExecutable"/>
  <testcase name="Measure" time="69.224" classname="com.esg.executableclasses.MultiServiceInstallationExecutable"/>
  <testcase name="LoginClass" time="21.727" classname="com.esg.executableclasses.MultiServiceInstallationExecutable"/>
  <testcase name="InspectionProcess" time="110.634" classname="com.esg.executableclasses.MultiServiceInstallationExecutable"/>
  <testcase name="CorrectionStep" time="162.374" classname="com.esg.executableclasses.MultiServiceInstallationExecutable"/>
  <testcase name="Enrollment" time="58.946" classname="com.esg.executableclasses.MultiServiceInstallationExecutable"/>
  <testcase name="InstallationProcess" time="41.527" classname="com.esg.executableclasses.MultiServiceInstallationExecutable"/>
</testsuite> <!-- com.esg.executableclasses.MultiServiceInstallationExecutable -->
