<?xml version="1.0" encoding="UTF-8"?>
<!-- Generated by org.testng.reporters.JUnitReportReporter -->
<testsuite hostname="DESKTOP-EQHIDO3" name="com.esg.executableclasses.CompressedFileUploadWith100MeasuresExecutableClass" tests="8" failures="0" timestamp="6 Feb 2020 05:23:25 GMT" time="327.888" errors="0">
  <testcase name="JobCostSummaryValidationProcess" time="23.522" classname="com.esg.executableclasses.CompressedFileUploadWith100MeasuresExecutableClass"/>
  <testcase name="QAReview" time="65.538" classname="com.esg.executableclasses.CompressedFileUploadWith100MeasuresExecutableClass"/>
  <testcase name="EnrollmentStep" time="33.538" classname="com.esg.executableclasses.CompressedFileUploadWith100MeasuresExecutableClass"/>
  <testcase name="SubMenuSummaryValidaitionProcess" time="3.003" classname="com.esg.executableclasses.CompressedFileUploadWith100MeasuresExecutableClass"/>
  <testcase name="LoginStep" time="20.727" classname="com.esg.executableclasses.CompressedFileUploadWith100MeasuresExecutableClass"/>
  <testcase name="UploadFileStep" time="143.684" classname="com.esg.executableclasses.CompressedFileUploadWith100MeasuresExecutableClass"/>
  <testcase name="ApplicationMeasuresValidationProcess" time="9.097" classname="com.esg.executableclasses.CompressedFileUploadWith100MeasuresExecutableClass"/>
  <testcase name="InitiatePayment" time="28.779" classname="com.esg.executableclasses.CompressedFileUploadWith100MeasuresExecutableClass"/>
</testsuite> <!-- com.esg.executableclasses.CompressedFileUploadWith100MeasuresExecutableClass -->
