<?xml version="1.0" encoding="UTF-8"?>
<!-- Generated by org.testng.reporters.JUnitReportReporter -->
<testsuite hostname="DESKTOP-EQHIDO3" name="com.esg.executableclasses.BenchMarking_ExecutableClass" tests="10" failures="0" timestamp="6 Feb 2020 04:33:35 GMT" time="2180.414" errors="0">
  <testcase name="LoginPage" time="34.960" classname="com.esg.executableclasses.BenchMarking_ExecutableClass"/>
  <testcase name="Property2_ComRes1Module" time="41.023" classname="com.esg.executableclasses.BenchMarking_ExecutableClass"/>
  <testcase name="Property3_ComRes2Module" time="36.352" classname="com.esg.executableclasses.BenchMarking_ExecutableClass"/>
  <testcase name="Property1_CommercialModule" time="38.168" classname="com.esg.executableclasses.BenchMarking_ExecutableClass"/>
  <testcase name="Property5_AppartmentcampusModule" time="41.065" classname="com.esg.executableclasses.BenchMarking_ExecutableClass"/>
  <testcase name="BenchmarkingNonaggreedatedModule" time="969.025" classname="com.esg.executableclasses.BenchMarking_ExecutableClass"/>
  <testcase name="EECP_PortfolioConfig_Module" time="61.550" classname="com.esg.executableclasses.BenchMarking_ExecutableClass"/>
  <testcase name="Verify_Last_Bill_Amount_Module" time="40.379" classname="com.esg.executableclasses.BenchMarking_ExecutableClass"/>
  <testcase name="BenchmarkingDataRequestPortalModule" time="882.438" classname="com.esg.executableclasses.BenchMarking_ExecutableClass"/>
  <testcase name="Property4_UnverifiedAddressModule" time="35.454" classname="com.esg.executableclasses.BenchMarking_ExecutableClass"/>
</testsuite> <!-- com.esg.executableclasses.BenchMarking_ExecutableClass -->
