<?xml version="1.0" encoding="UTF-8"?>
<!-- Generated by org.testng.reporters.JUnitReportReporter -->
<testsuite hostname="DESKTOP-EQHIDO3" name="com.esg.executableclasses.Create_Pricing_Schedule_ExecutableClass" tests="3" failures="0" timestamp="30 Mar 2020 08:56:46 GMT" time="165.978" errors="0">
  <testcase name="LoginMethod" time="51.424" classname="com.esg.executableclasses.Create_Pricing_Schedule_ExecutableClass"/>
  <testcase name="Create_New_Schedule_Step" time="107.882" classname="com.esg.executableclasses.Create_Pricing_Schedule_ExecutableClass"/>
  <testcase name="Navigate_TO_Programs" time="6.672" classname="com.esg.executableclasses.Create_Pricing_Schedule_ExecutableClass"/>
</testsuite> <!-- com.esg.executableclasses.Create_Pricing_Schedule_ExecutableClass -->
