<?xml version="1.0" encoding="UTF-8"?>
<!-- Generated by org.testng.reporters.JUnitReportReporter -->
<testsuite hostname="DESKTOP-EQHIDO3" name="com.esg.executableclasses.Compressed_FileUpload_With_Installation_ExecutableClass" tests="8" failures="0" timestamp="26 Feb 2020 03:43:54 GMT" time="703.998" errors="0">
  <testcase name="InstallationValidationModule" time="76.558" classname="com.esg.executableclasses.Compressed_FileUpload_With_Installation_ExecutableClass"/>
  <testcase name="Upload" time="196.689" classname="com.esg.executableclasses.Compressed_FileUpload_With_Installation_ExecutableClass"/>
  <testcase name="GenerateInvoiceModule" time="82.346" classname="com.esg.executableclasses.Compressed_FileUpload_With_Installation_ExecutableClass"/>
  <testcase name="EnrollmentModule" time="101.278" classname="com.esg.executableclasses.Compressed_FileUpload_With_Installation_ExecutableClass"/>
  <testcase name="ApplicationValidationModule" time="101.025" classname="com.esg.executableclasses.Compressed_FileUpload_With_Installation_ExecutableClass"/>
  <testcase name="JobCostSummaryValidationModule" time="39.463" classname="com.esg.executableclasses.Compressed_FileUpload_With_Installation_ExecutableClass"/>
  <testcase name="LoginModule" time="36.183" classname="com.esg.executableclasses.Compressed_FileUpload_With_Installation_ExecutableClass"/>
  <testcase name="InvoicingModule" time="70.456" classname="com.esg.executableclasses.Compressed_FileUpload_With_Installation_ExecutableClass"/>
</testsuite> <!-- com.esg.executableclasses.Compressed_FileUpload_With_Installation_ExecutableClass -->
