<?xml version="1.0" encoding="UTF-8"?>
<!-- Generated by org.testng.reporters.JUnitReportReporter -->
<testsuite hostname="DESKTOP-EQHIDO3" name="com.esg.executableclasses.Compressed_FileUpload_With_Installation_ExecutableClass" tests="8" failures="0" timestamp="6 Feb 2020 05:52:53 GMT" time="691.558" errors="0">
  <testcase name="EnrollmentModule" time="85.668" classname="com.esg.executableclasses.Compressed_FileUpload_With_Installation_ExecutableClass"/>
  <testcase name="InstallationValidationModule" time="86.145" classname="com.esg.executableclasses.Compressed_FileUpload_With_Installation_ExecutableClass"/>
  <testcase name="GenerateInvoiceModule" time="97.004" classname="com.esg.executableclasses.Compressed_FileUpload_With_Installation_ExecutableClass"/>
  <testcase name="ApplicationValidationModule" time="91.039" classname="com.esg.executableclasses.Compressed_FileUpload_With_Installation_ExecutableClass"/>
  <testcase name="InvoicingModule" time="49.295" classname="com.esg.executableclasses.Compressed_FileUpload_With_Installation_ExecutableClass"/>
  <testcase name="LoginModule" time="21.035" classname="com.esg.executableclasses.Compressed_FileUpload_With_Installation_ExecutableClass"/>
  <testcase name="Upload" time="223.450" classname="com.esg.executableclasses.Compressed_FileUpload_With_Installation_ExecutableClass"/>
  <testcase name="JobCostSummaryValidationModule" time="37.922" classname="com.esg.executableclasses.Compressed_FileUpload_With_Installation_ExecutableClass"/>
</testsuite> <!-- com.esg.executableclasses.Compressed_FileUpload_With_Installation_ExecutableClass -->
