<?xml version="1.0" encoding="UTF-8"?>
<!-- Generated by org.testng.reporters.JUnitReportReporter -->
<testsuite hostname="DESKTOP-EQHIDO3" name="com.esg.executableclasses.CompressedFileUploadWith100MeasuresExecutableClass" tests="8" failures="0" timestamp="26 Feb 2020 03:20:52 GMT" time="252.767" errors="0">
  <testcase name="EnrollmentStep" time="42.739" classname="com.esg.executableclasses.CompressedFileUploadWith100MeasuresExecutableClass"/>
  <testcase name="InitiatePayment" time="13.043" classname="com.esg.executableclasses.CompressedFileUploadWith100MeasuresExecutableClass"/>
  <testcase name="SubMenuSummaryValidaitionProcess" time="2.984" classname="com.esg.executableclasses.CompressedFileUploadWith100MeasuresExecutableClass"/>
  <testcase name="LoginStep" time="35.598" classname="com.esg.executableclasses.CompressedFileUploadWith100MeasuresExecutableClass"/>
  <testcase name="UploadFileStep" time="67.556" classname="com.esg.executableclasses.CompressedFileUploadWith100MeasuresExecutableClass"/>
  <testcase name="QAReview" time="65.696" classname="com.esg.executableclasses.CompressedFileUploadWith100MeasuresExecutableClass"/>
  <testcase name="JobCostSummaryValidationProcess" time="18.289" classname="com.esg.executableclasses.CompressedFileUploadWith100MeasuresExecutableClass"/>
  <testcase name="ApplicationMeasuresValidationProcess" time="6.862" classname="com.esg.executableclasses.CompressedFileUploadWith100MeasuresExecutableClass"/>
</testsuite> <!-- com.esg.executableclasses.CompressedFileUploadWith100MeasuresExecutableClass -->
