<?xml version="1.0" encoding="UTF-8"?>
<!-- Generated by org.testng.reporters.JUnitReportReporter -->
<testsuite hostname="DESKTOP-EQHIDO3" name="com.esg.executableclasses.CreateNewLoanExecutableClass" tests="3" failures="0" timestamp="6 Feb 2020 06:28:36 GMT" time="514.880" errors="0">
  <testcase name="LoginStep" time="43.618" classname="com.esg.executableclasses.CreateNewLoanExecutableClass"/>
  <testcase name="CreateLoanModule" time="159.342" classname="com.esg.executableclasses.CreateNewLoanExecutableClass"/>
  <testcase name="LoanSearch" time="311.920" classname="com.esg.executableclasses.CreateNewLoanExecutableClass"/>
</testsuite> <!-- com.esg.executableclasses.CreateNewLoanExecutableClass -->
