<?xml version="1.0" encoding="UTF-8"?>
<!-- Generated by org.testng.reporters.JUnitReportReporter -->
<testsuite skipped="0" hostname="LAPTOP-2LYVLC2" name="com.esg.testclasses.SmokeTest" tests="1" failures="0" timestamp="12 Mar 2019 03:33:38 GMT" time="60.635" errors="0">
  <testcase name="ToDoList" time="60.635" classname="com.esg.testclasses.SmokeTest"/>
</testsuite> <!-- com.esg.testclasses.SmokeTest -->
