<?xml version="1.0" encoding="UTF-8"?>
<!-- Generated by org.testng.reporters.JUnitReportReporter -->
<testsuite hostname="DESKTOP-EQHIDO3" name="com.esg.executableclasses.AddandtrackInventoryExecutableClass" tests="3" failures="0" timestamp="26 Feb 2020 06:36:30 GMT" time="263.632" errors="0">
  <testcase name="TrackInventory" time="148.731" classname="com.esg.executableclasses.AddandtrackInventoryExecutableClass"/>
  <testcase name="AddInventory" time="78.359" classname="com.esg.executableclasses.AddandtrackInventoryExecutableClass"/>
  <testcase name="LoginMethod" time="36.542" classname="com.esg.executableclasses.AddandtrackInventoryExecutableClass"/>
</testsuite> <!-- com.esg.executableclasses.AddandtrackInventoryExecutableClass -->
