<?xml version="1.0" encoding="UTF-8"?>
<!-- Generated by org.testng.reporters.JUnitReportReporter -->
<testsuite hostname="DESKTOP-EQHIDO3" name="com.esg.executableclasses.Enrollment_Propert_Check_ExecutableClass" tests="9" failures="0" timestamp="9 Jan 2020 04:44:27 GMT" time="1230.927" errors="0">
  <testcase name="EnrollmentPropertyFieldsValidationAfterProcess_Module" time="261.730" classname="com.esg.executableclasses.Enrollment_Propert_Check_ExecutableClass"/>
  <testcase name="LoginPage" time="21.672" classname="com.esg.executableclasses.Enrollment_Propert_Check_ExecutableClass"/>
  <testcase name="CreateNewEnrollmentModule" time="47.962" classname="com.esg.executableclasses.Enrollment_Propert_Check_ExecutableClass"/>
  <testcase name="AddMeasure_Module" time="42.968" classname="com.esg.executableclasses.Enrollment_Propert_Check_ExecutableClass"/>
  <testcase name="ApplicationDetailsValidationAfterSaveModule" time="65.257" classname="com.esg.executableclasses.Enrollment_Propert_Check_ExecutableClass"/>
  <testcase name="EnrollmentPropertyFieldsValidation_Module" time="286.500" classname="com.esg.executableclasses.Enrollment_Propert_Check_ExecutableClass"/>
  <testcase name="SetPropertyFieldsValidation_Module" time="209.618" classname="com.esg.executableclasses.Enrollment_Propert_Check_ExecutableClass"/>
  <testcase name="SetPropertyFieldsValidationAfterProcess_Module" time="198.875" classname="com.esg.executableclasses.Enrollment_Propert_Check_ExecutableClass"/>
  <testcase name="ApplicationFillUp_Module" time="96.345" classname="com.esg.executableclasses.Enrollment_Propert_Check_ExecutableClass"/>
</testsuite> <!-- com.esg.executableclasses.Enrollment_Propert_Check_ExecutableClass -->
