<?xml version="1.0" encoding="UTF-8"?>
<!-- Generated by org.testng.reporters.JUnitReportReporter -->
<testsuite hostname="DESKTOP-EQHIDO3" name="com.esg.executableclasses.ApogeUploadExecutableClass" tests="5" failures="0" timestamp="6 Feb 2020 06:59:02 GMT" time="380.861" errors="0">
  <testcase name="UploadFileStep" time="105.042" classname="com.esg.executableclasses.ApogeUploadExecutableClass"/>
  <testcase name="EnrollmentStep" time="53.708" classname="com.esg.executableclasses.ApogeUploadExecutableClass"/>
  <testcase name="VerifyApogeeWithModifiedFilesStep" time="32.044" classname="com.esg.executableclasses.ApogeUploadExecutableClass"/>
  <testcase name="VerifyApogeeWithoutModifiedFilesStep" time="167.273" classname="com.esg.executableclasses.ApogeUploadExecutableClass"/>
  <testcase name="LoginStep" time="22.794" classname="com.esg.executableclasses.ApogeUploadExecutableClass"/>
</testsuite> <!-- com.esg.executableclasses.ApogeUploadExecutableClass -->
