<?xml version="1.0" encoding="UTF-8"?>
<!-- Generated by org.testng.reporters.JUnitReportReporter -->
<testsuite hostname="DESKTOP-EQHIDO3" name="com.esg.executableclasses.ConsolidatedStatusCheckExecutableClass" tests="5" failures="0" timestamp="31 Mar 2020 20:10:36 GMT" time="1729.701" errors="0">
  <testcase name="Phone" time="461.793" classname="com.esg.executableclasses.ConsolidatedStatusCheckExecutableClass"/>
  <testcase name="Account" time="392.546" classname="com.esg.executableclasses.ConsolidatedStatusCheckExecutableClass"/>
  <testcase name="LoginStep" time="49.473" classname="com.esg.executableclasses.ConsolidatedStatusCheckExecutableClass"/>
  <testcase name="Email" time="347.357" classname="com.esg.executableclasses.ConsolidatedStatusCheckExecutableClass"/>
  <testcase name="Enrollment" time="478.532" classname="com.esg.executableclasses.ConsolidatedStatusCheckExecutableClass"/>
</testsuite> <!-- com.esg.executableclasses.ConsolidatedStatusCheckExecutableClass -->
