<?xml version="1.0" encoding="UTF-8"?>
<!-- Generated by org.testng.reporters.JUnitReportReporter -->
<testsuite hostname="DESKTOP-EQHIDO3" name="com.esg.executableclasses.MobileWebAppExecutableClass" tests="7" failures="0" timestamp="6 Feb 2020 05:07:34 GMT" time="872.420" errors="0">
  <testcase name="AccountValidationErrorModule" time="162.597" classname="com.esg.executableclasses.MobileWebAppExecutableClass"/>
  <testcase name="OpenURL" time="27.389" classname="com.esg.executableclasses.MobileWebAppExecutableClass"/>
  <testcase name="MeasurePropertyValidationErrorModule" time="145.600" classname="com.esg.executableclasses.MobileWebAppExecutableClass"/>
  <testcase name="ThresholdExceedModule" time="141.570" classname="com.esg.executableclasses.MobileWebAppExecutableClass"/>
  <testcase name="ProgramLevelEligibityModule" time="123.096" classname="com.esg.executableclasses.MobileWebAppExecutableClass"/>
  <testcase name="MeasureEligibilityModule" time="133.501" classname="com.esg.executableclasses.MobileWebAppExecutableClass"/>
  <testcase name="PositiveWorkflowModule" time="138.667" classname="com.esg.executableclasses.MobileWebAppExecutableClass"/>
</testsuite> <!-- com.esg.executableclasses.MobileWebAppExecutableClass -->
