<?xml version="1.0" encoding="UTF-8"?>
<!-- Generated by org.testng.reporters.JUnitReportReporter -->
<testsuite hostname="DESKTOP-EQHIDO3" name="com.esg.executableclasses.CreateNewLoanExecutableClass" tests="3" failures="0" timestamp="24 Feb 2020 09:54:47 GMT" time="641.532" errors="0">
  <testcase name="LoginStep" time="52.235" classname="com.esg.executableclasses.CreateNewLoanExecutableClass"/>
  <testcase name="LoanSearch" time="311.918" classname="com.esg.executableclasses.CreateNewLoanExecutableClass"/>
  <testcase name="CreateLoanModule" time="277.379" classname="com.esg.executableclasses.CreateNewLoanExecutableClass"/>
</testsuite> <!-- com.esg.executableclasses.CreateNewLoanExecutableClass -->
