<?xml version="1.0" encoding="UTF-8"?>
<!-- Generated by org.testng.reporters.JUnitReportReporter -->
<testsuite hostname="DESKTOP-EQHIDO3" name="com.esg.executableclasses.Lead_Check_Executable" tests="2" failures="0" timestamp="27 Jan 2020 05:01:32 GMT" time="73.988" errors="0">
  <testcase name="Login" time="22.709" classname="com.esg.executableclasses.Lead_Check_Executable"/>
  <testcase name="CreateLead" time="51.279" classname="com.esg.executableclasses.Lead_Check_Executable"/>
</testsuite> <!-- com.esg.executableclasses.Lead_Check_Executable -->
