<?xml version="1.0" encoding="UTF-8"?>
<!-- Generated by org.testng.reporters.JUnitReportReporter -->
<testsuite hostname="DESKTOP-EQHIDO3" name="com.esg.executableclasses.CompressedFileUploadWith100MeasuresExecutableClass" tests="8" failures="0" timestamp="5 Mar 2020 07:45:13 GMT" time="230.135" errors="0">
  <testcase name="EnrollmentStep" time="39.827" classname="com.esg.executableclasses.CompressedFileUploadWith100MeasuresExecutableClass"/>
  <testcase name="InitiatePayment" time="14.858" classname="com.esg.executableclasses.CompressedFileUploadWith100MeasuresExecutableClass"/>
  <testcase name="SubMenuSummaryValidaitionProcess" time="2.995" classname="com.esg.executableclasses.CompressedFileUploadWith100MeasuresExecutableClass"/>
  <testcase name="LoginStep" time="35.947" classname="com.esg.executableclasses.CompressedFileUploadWith100MeasuresExecutableClass"/>
  <testcase name="UploadFileStep" time="54.243" classname="com.esg.executableclasses.CompressedFileUploadWith100MeasuresExecutableClass"/>
  <testcase name="QAReview" time="58.134" classname="com.esg.executableclasses.CompressedFileUploadWith100MeasuresExecutableClass"/>
  <testcase name="JobCostSummaryValidationProcess" time="17.642" classname="com.esg.executableclasses.CompressedFileUploadWith100MeasuresExecutableClass"/>
  <testcase name="ApplicationMeasuresValidationProcess" time="6.489" classname="com.esg.executableclasses.CompressedFileUploadWith100MeasuresExecutableClass"/>
</testsuite> <!-- com.esg.executableclasses.CompressedFileUploadWith100MeasuresExecutableClass -->
