<?xml version="1.0" encoding="UTF-8"?>
<!-- Generated by org.testng.reporters.JUnitReportReporter -->
<testsuite hostname="DESKTOP-EQHIDO3" name="com.esg.executableclasses.Enrollment_Propert_Check_ExecutableClass" tests="9" failures="0" timestamp="5 Mar 2020 11:13:38 GMT" time="1495.638" errors="0">
  <testcase name="CreateNewEnrollmentModule" time="81.922" classname="com.esg.executableclasses.Enrollment_Propert_Check_ExecutableClass"/>
  <testcase name="SetPropertyFieldsValidation_Module" time="238.595" classname="com.esg.executableclasses.Enrollment_Propert_Check_ExecutableClass"/>
  <testcase name="SetPropertyFieldsValidationAfterProcess_Module" time="234.475" classname="com.esg.executableclasses.Enrollment_Propert_Check_ExecutableClass"/>
  <testcase name="ApplicationFillUp_Module" time="89.318" classname="com.esg.executableclasses.Enrollment_Propert_Check_ExecutableClass"/>
  <testcase name="AddMeasure_Module" time="72.171" classname="com.esg.executableclasses.Enrollment_Propert_Check_ExecutableClass"/>
  <testcase name="EnrollmentPropertyFieldsValidation_Module" time="356.400" classname="com.esg.executableclasses.Enrollment_Propert_Check_ExecutableClass"/>
  <testcase name="EnrollmentPropertyFieldsValidationAfterProcess_Module" time="307.265" classname="com.esg.executableclasses.Enrollment_Propert_Check_ExecutableClass"/>
  <testcase name="LoginPage" time="36.472" classname="com.esg.executableclasses.Enrollment_Propert_Check_ExecutableClass"/>
  <testcase name="ApplicationDetailsValidationAfterSaveModule" time="79.020" classname="com.esg.executableclasses.Enrollment_Propert_Check_ExecutableClass"/>
</testsuite> <!-- com.esg.executableclasses.Enrollment_Propert_Check_ExecutableClass -->
