<?xml version="1.0" encoding="UTF-8"?>
<!-- Generated by org.testng.reporters.JUnitReportReporter -->
<testsuite hostname="DESKTOP-EQHIDO3" name="com.esg.executableclasses.Ekpc_esapExecutableClass" tests="7" failures="0" timestamp="28 Jan 2020 07:13:38 GMT" time="540.404" errors="0">
  <testcase name="login" time="21.904" classname="com.esg.executableclasses.Ekpc_esapExecutableClass"/>
  <testcase name="newmeasure" time="158.655" classname="com.esg.executableclasses.Ekpc_esapExecutableClass"/>
  <testcase name="JobCostSummaryValidation_Module" time="53.833" classname="com.esg.executableclasses.Ekpc_esapExecutableClass"/>
  <testcase name="ApplicationStatus_Module" time="115.185" classname="com.esg.executableclasses.Ekpc_esapExecutableClass"/>
  <testcase name="newenrollement" time="69.756" classname="com.esg.executableclasses.Ekpc_esapExecutableClass"/>
  <testcase name="createnewenrollement" time="55.997" classname="com.esg.executableclasses.Ekpc_esapExecutableClass"/>
  <testcase name="OverrideModule" time="65.074" classname="com.esg.executableclasses.Ekpc_esapExecutableClass"/>
</testsuite> <!-- com.esg.executableclasses.Ekpc_esapExecutableClass -->
