<?xml version="1.0" encoding="UTF-8"?>
<!-- Generated by org.testng.reporters.JUnitReportReporter -->
<testsuite skipped="0" hostname="LAPTOP-2LYVLC2" name="com.esg.executableclasses.SmokeTestExecutable" tests="18" failures="0" timestamp="11 Mar 2019 15:55:59 GMT" time="729.218" errors="0">
  <testcase name="Health" time="13.879" classname="com.esg.executableclasses.SmokeTestExecutable"/>
  <testcase name="EnrollmentModule" time="154.564" classname="com.esg.executableclasses.SmokeTestExecutable"/>
  <testcase name="ToDoListModule" time="21.302" classname="com.esg.executableclasses.SmokeTestExecutable"/>
  <testcase name="DataModelModule" time="23.569" classname="com.esg.executableclasses.SmokeTestExecutable"/>
  <testcase name="ApplicationReportModule" time="29.279" classname="com.esg.executableclasses.SmokeTestExecutable"/>
  <testcase name="Customer" time="48.819" classname="com.esg.executableclasses.SmokeTestExecutable"/>
  <testcase name="Lead" time="37.583" classname="com.esg.executableclasses.SmokeTestExecutable"/>
  <testcase name="Invoicing" time="40.331" classname="com.esg.executableclasses.SmokeTestExecutable"/>
  <testcase name="Calendar" time="16.557" classname="com.esg.executableclasses.SmokeTestExecutable"/>
  <testcase name="Measure" time="36.479" classname="com.esg.executableclasses.SmokeTestExecutable"/>
  <testcase name="Program" time="78.899" classname="com.esg.executableclasses.SmokeTestExecutable"/>
  <testcase name="ProgramYear" time="80.169" classname="com.esg.executableclasses.SmokeTestExecutable"/>
  <testcase name="PricingScheduleModule" time="21.320" classname="com.esg.executableclasses.SmokeTestExecutable"/>
  <testcase name="SavingScheduleModule" time="12.601" classname="com.esg.executableclasses.SmokeTestExecutable"/>
  <testcase name="MobileWebApplication" time="43.860" classname="com.esg.executableclasses.SmokeTestExecutable"/>
  <testcase name="EnergyAudit" time="12.685" classname="com.esg.executableclasses.SmokeTestExecutable"/>
  <testcase name="TraddeAlly" time="39.261" classname="com.esg.executableclasses.SmokeTestExecutable"/>
  <testcase name="HelpsetModule" time="18.061" classname="com.esg.executableclasses.SmokeTestExecutable"/>
</testsuite> <!-- com.esg.executableclasses.SmokeTestExecutable -->
