<?xml version="1.0" encoding="UTF-8"?>
<!-- Generated by org.testng.reporters.JUnitReportReporter -->
<testsuite hostname="DESKTOP-EQHIDO3" name="com.esg.executableclasses.ProgramLevelEligibilityExecutableClass" tests="4" failures="0" timestamp="31 Mar 2020 20:39:33 GMT" time="999.458" errors="0">
  <testcase name="OnlineApplication" time="168.768" classname="com.esg.executableclasses.ProgramLevelEligibilityExecutableClass"/>
  <testcase name="bacakendOnlineApplication1" time="263.963" classname="com.esg.executableclasses.ProgramLevelEligibilityExecutableClass"/>
  <testcase name="BackendWithCustomer1" time="281.686" classname="com.esg.executableclasses.ProgramLevelEligibilityExecutableClass"/>
  <testcase name="BackendWithoutCustomer1" time="285.041" classname="com.esg.executableclasses.ProgramLevelEligibilityExecutableClass"/>
</testsuite> <!-- com.esg.executableclasses.ProgramLevelEligibilityExecutableClass -->
