<?xml version="1.0" encoding="UTF-8"?>
<!-- Generated by org.testng.reporters.JUnitReportReporter -->
<testsuite hostname="DESKTOP-EQHIDO3" name="com.esg.executableclasses.EnergyAuditExecutableClass" tests="1" failures="0" timestamp="24 Feb 2020 07:12:11 GMT" time="623.970" errors="0">
  <testcase name="EnergyLogin" time="623.970" classname="com.esg.executableclasses.EnergyAuditExecutableClass"/>
</testsuite> <!-- com.esg.executableclasses.EnergyAuditExecutableClass -->
