<?xml version="1.0" encoding="UTF-8"?>
<!-- Generated by org.testng.reporters.JUnitReportReporter -->
<testsuite skipped="0" hostname="LIT-HYD-L006" name="com.esg.testclasses.PayeeRegressionExecutableClass" tests="8" failures="0" timestamp="01 Feb 2019 06:24:06 GMT" time="2573.674" errors="0">
  <testcase name="enrollment" time="87.847" classname="com.esg.testclasses.PayeeRegressionExecutableClass"/>
  <testcase name="payeeRegression_NoInstall_Standard" time="668.485" classname="com.esg.testclasses.PayeeRegressionExecutableClass"/>
  <testcase name="payeeRegression_NoInstall_Measure_Override" time="777.047" classname="com.esg.testclasses.PayeeRegressionExecutableClass"/>
  <testcase name="payeeRegression_NoInstall_ReOpenApplicationAndChangePayee" time="1040.289" classname="com.esg.testclasses.PayeeRegressionExecutableClass"/>
  <testcase name="payeeRegression_Install_Standard" time="0.002" classname="com.esg.testclasses.PayeeRegressionExecutableClass"/>
  <testcase name="payeeRegression_InstallStep_Closed_ReOpenApplicationAndChangePayee" time="0.002" classname="com.esg.testclasses.PayeeRegressionExecutableClass"/>
  <testcase name="payeeRegression_Measure_Override" time="0.001" classname="com.esg.testclasses.PayeeRegressionExecutableClass"/>
  <testcase name="payeeRegression_InstallStep_Open_ReOpenApplicationAndChangePayee" time="0.001" classname="com.esg.testclasses.PayeeRegressionExecutableClass"/>
</testsuite> <!-- com.esg.testclasses.PayeeRegressionExecutableClass -->
