<?xml version="1.0" encoding="UTF-8"?>
<!-- Generated by org.testng.reporters.JUnitReportReporter -->
<testsuite hostname="DESKTOP-EQHIDO3" name="com.esg.executableclasses.Create_Program_ExecutableClass" tests="12" failures="0" timestamp="24 Mar 2020 08:16:15 GMT" time="1085.334" errors="0">
  <testcase name="Qualified_Trade_Ally_Tab" time="204.307" classname="com.esg.executableclasses.Create_Program_ExecutableClass"/>
  <testcase name="Eligibility_Tab_Step" time="41.264" classname="com.esg.executableclasses.Create_Program_ExecutableClass"/>
  <testcase name="Add_Inspection_WorkFlow_Step" time="84.205" classname="com.esg.executableclasses.Create_Program_ExecutableClass"/>
  <testcase name="Field_Option_Tab" time="40.550" classname="com.esg.executableclasses.Create_Program_ExecutableClass"/>
  <testcase name="Login" time="41.683" classname="com.esg.executableclasses.Create_Program_ExecutableClass"/>
  <testcase name="Delete_Program" time="29.607" classname="com.esg.executableclasses.Create_Program_ExecutableClass"/>
  <testcase name="Online_Application_Tab" time="176.172" classname="com.esg.executableclasses.Create_Program_ExecutableClass"/>
  <testcase name="WorkFlow" time="184.298" classname="com.esg.executableclasses.Create_Program_ExecutableClass"/>
  <testcase name="New_Programs" time="83.369" classname="com.esg.executableclasses.Create_Program_ExecutableClass"/>
  <testcase name="QA_Review_WorkFlow_Step" time="84.369" classname="com.esg.executableclasses.Create_Program_ExecutableClass"/>
  <testcase name="Initiate_Payment_WorkFlow_Step" time="111.041" classname="com.esg.executableclasses.Create_Program_ExecutableClass"/>
  <testcase name="Navigate_TO_Programs" time="4.469" classname="com.esg.executableclasses.Create_Program_ExecutableClass"/>
</testsuite> <!-- com.esg.executableclasses.Create_Program_ExecutableClass -->
