<?xml version="1.0" encoding="UTF-8"?>
<!-- Generated by org.testng.reporters.JUnitReportReporter -->
<testsuite hostname="DESKTOP-EQHIDO3" name="com.esg.executableclasses.Ekpc_esapExecutableClass" tests="7" failures="0" timestamp="24 Feb 2020 09:39:31 GMT" time="669.403" errors="0">
  <testcase name="newmeasure" time="282.324" classname="com.esg.executableclasses.Ekpc_esapExecutableClass"/>
  <testcase name="OverrideModule" time="61.949" classname="com.esg.executableclasses.Ekpc_esapExecutableClass"/>
  <testcase name="ApplicationStatus_Module" time="102.136" classname="com.esg.executableclasses.Ekpc_esapExecutableClass"/>
  <testcase name="createnewenrollement" time="70.230" classname="com.esg.executableclasses.Ekpc_esapExecutableClass"/>
  <testcase name="JobCostSummaryValidation_Module" time="54.637" classname="com.esg.executableclasses.Ekpc_esapExecutableClass"/>
  <testcase name="newenrollement" time="61.793" classname="com.esg.executableclasses.Ekpc_esapExecutableClass"/>
  <testcase name="login" time="36.334" classname="com.esg.executableclasses.Ekpc_esapExecutableClass"/>
</testsuite> <!-- com.esg.executableclasses.Ekpc_esapExecutableClass -->
