<?xml version="1.0" encoding="UTF-8"?>
<!-- Generated by org.testng.reporters.JUnitReportReporter -->
<testsuite hostname="DESKTOP-EQHIDO3" name="com.esg.executableclasses.ThresholdsExecutableClass" tests="5" failures="0" timestamp="30 Jan 2020 03:57:51 GMT" time="4459.400" errors="0">
  <testcase name="Thresholds_ProgramYearMeasures" time="1092.642" classname="com.esg.executableclasses.ThresholdsExecutableClass"/>
  <testcase name="Thresholds_Login" time="20.560" classname="com.esg.executableclasses.ThresholdsExecutableClass"/>
  <testcase name="Thresholds_ProgramYearMeasures" time="1118.343" classname="com.esg.executableclasses.ThresholdsExecutableClass"/>
  <testcase name="Thresholds_ProgramYearMeasures" time="1092.901" classname="com.esg.executableclasses.ThresholdsExecutableClass"/>
  <testcase name="Thresholds_ProgramYearMeasures" time="1134.954" classname="com.esg.executableclasses.ThresholdsExecutableClass"/>
</testsuite> <!-- com.esg.executableclasses.ThresholdsExecutableClass -->
