<?xml version="1.0" encoding="UTF-8"?>
<!-- Generated by org.testng.reporters.JUnitReportReporter -->
<testsuite hostname="DESKTOP-EQHIDO3" name="com.esg.executableclasses.ApogeUploadExecutableClass" tests="5" failures="0" timestamp="31 Mar 2020 04:54:27 GMT" time="353.110" errors="0">
  <testcase name="LoginStep" time="39.522" classname="com.esg.executableclasses.ApogeUploadExecutableClass"/>
  <testcase name="VerifyApogeeWithModifiedFilesStep" time="29.018" classname="com.esg.executableclasses.ApogeUploadExecutableClass"/>
  <testcase name="VerifyApogeeWithoutModifiedFilesStep" time="139.915" classname="com.esg.executableclasses.ApogeUploadExecutableClass"/>
  <testcase name="UploadFileStep" time="91.154" classname="com.esg.executableclasses.ApogeUploadExecutableClass"/>
  <testcase name="EnrollmentStep" time="53.501" classname="com.esg.executableclasses.ApogeUploadExecutableClass"/>
</testsuite> <!-- com.esg.executableclasses.ApogeUploadExecutableClass -->
