<?xml version="1.0" encoding="UTF-8"?>
<!-- Generated by org.testng.reporters.JUnitReportReporter -->
<testsuite hostname="DESKTOP-EQHIDO3" name="com.esg.executableclasses.ProgramLevelEligibilityExecutableClass" tests="4" failures="0" timestamp="29 Jan 2020 08:35:46 GMT" time="526.326" errors="0">
  <testcase name="BackendWithoutCustomer1" time="71.502" classname="com.esg.executableclasses.ProgramLevelEligibilityExecutableClass"/>
  <testcase name="OnlineApplication" time="111.578" classname="com.esg.executableclasses.ProgramLevelEligibilityExecutableClass"/>
  <testcase name="bacakendOnlineApplication1" time="174.635" classname="com.esg.executableclasses.ProgramLevelEligibilityExecutableClass"/>
  <testcase name="BackendWithCustomer1" time="168.611" classname="com.esg.executableclasses.ProgramLevelEligibilityExecutableClass"/>
</testsuite> <!-- com.esg.executableclasses.ProgramLevelEligibilityExecutableClass -->
