<?xml version="1.0" encoding="UTF-8"?>
<!-- Generated by org.testng.reporters.JUnitReportReporter -->
<testsuite hostname="DESKTOP-EQHIDO3" name="com.esg.executableclasses.EnergyAuditExecutableClass" tests="1" failures="0" timestamp="26 Feb 2020 06:23:19 GMT" time="631.263" errors="0">
  <testcase name="EnergyLogin" time="631.263" classname="com.esg.executableclasses.EnergyAuditExecutableClass"/>
</testsuite> <!-- com.esg.executableclasses.EnergyAuditExecutableClass -->
