<?xml version="1.0" encoding="UTF-8"?>
<!-- Generated by org.testng.reporters.JUnitReportReporter -->
<testsuite hostname="DESKTOP-EQHIDO3" name="com.esg.executableclasses.EnergyAuditExecutableClass" tests="1" failures="0" timestamp="31 Mar 2020 15:40:05 GMT" time="780.727" errors="0">
  <testcase name="EnergyLogin" time="780.727" classname="com.esg.executableclasses.EnergyAuditExecutableClass"/>
</testsuite> <!-- com.esg.executableclasses.EnergyAuditExecutableClass -->
