<?xml version="1.0" encoding="UTF-8"?>
<!-- Generated by org.testng.reporters.JUnitReportReporter -->
<testsuite hostname="DESKTOP-EQHIDO3" name="com.esg.executableclasses.LetterListSearchExecutableClass" tests="2" failures="0" timestamp="24 Feb 2020 09:42:52 GMT" time="131.588" errors="0">
  <testcase name="LetterList_Search" time="95.511" classname="com.esg.executableclasses.LetterListSearchExecutableClass"/>
  <testcase name="LetterListSearch_Login" time="36.077" classname="com.esg.executableclasses.LetterListSearchExecutableClass"/>
</testsuite> <!-- com.esg.executableclasses.LetterListSearchExecutableClass -->
