<?xml version="1.0" encoding="UTF-8"?>
<!-- Generated by org.testng.reporters.JUnitReportReporter -->
<testsuite skipped="0" hostname="LIT-HYD-L006" name="com.esg.testclasses.ExecutableClass" tests="4" failures="0" timestamp="29 Jan 2019 11:31:29 GMT" time="902.870" errors="0">
  <testcase name="enrollment" time="14.388" classname="com.esg.testclasses.ExecutableClass"/>
  <testcase name="payeeRegression_Install_Standard" time="0.001" classname="com.esg.testclasses.ExecutableClass"/>
  <testcase name="payeeRegression_Measure_Override" time="0.001" classname="com.esg.testclasses.ExecutableClass"/>
  <testcase name="payeeRegression_InstallStep_Open_ReOpenApplicationAndChangePayee" time="888.480" classname="com.esg.testclasses.ExecutableClass"/>
</testsuite> <!-- com.esg.testclasses.ExecutableClass -->
