<?xml version="1.0" encoding="UTF-8"?>
<!-- Generated by org.testng.reporters.JUnitReportReporter -->
<testsuite hostname="DESKTOP-EQHIDO3" name="com.esg.executableclasses.TradeAllyRegistrationExecutableClass" tests="10" failures="0" timestamp="10 Jan 2020 08:31:54 GMT" time="646.976" errors="0">
  <testcase name="TradeAlly_Registration_ReOpenAndLoginAgain" time="3.311" classname="com.esg.executableclasses.TradeAllyRegistrationExecutableClass"/>
  <testcase name="TradeAlly_Registration_OnlineApplication_Step_1" time="32.958" classname="com.esg.executableclasses.TradeAllyRegistrationExecutableClass"/>
  <testcase name="TradeAlly_Registration_OnlineApplication_Step_3" time="163.960" classname="com.esg.executableclasses.TradeAllyRegistrationExecutableClass"/>
  <testcase name="TradeAlly_Registration_OnlineApplication_Step_5" time="77.448" classname="com.esg.executableclasses.TradeAllyRegistrationExecutableClass"/>
  <testcase name="TradeAlly_Registration_Login" time="21.427" classname="com.esg.executableclasses.TradeAllyRegistrationExecutableClass"/>
  <testcase name="TradeAlly_Registration_OnlineApplication_Step_4" time="180.849" classname="com.esg.executableclasses.TradeAllyRegistrationExecutableClass"/>
  <testcase name="TradeAlly_Registration_Configure_RegistrationTradeAlly" time="54.855" classname="com.esg.executableclasses.TradeAllyRegistrationExecutableClass"/>
  <testcase name="TradeAlly_Registration_OnlineApplication_Step_6" time="3.365" classname="com.esg.executableclasses.TradeAllyRegistrationExecutableClass"/>
  <testcase name="TradeAlly_Registration_CreateEnrollment" time="46.793" classname="com.esg.executableclasses.TradeAllyRegistrationExecutableClass"/>
  <testcase name="TradeAlly_Registration_OnlineApplication_Step_2" time="62.010" classname="com.esg.executableclasses.TradeAllyRegistrationExecutableClass"/>
</testsuite> <!-- com.esg.executableclasses.TradeAllyRegistrationExecutableClass -->
