<?xml version="1.0" encoding="UTF-8"?>
<!-- Generated by org.testng.reporters.JUnitReportReporter -->
<testsuite hostname="DESKTOP-EQHIDO3" name="com.esg.executableclasses.LetterListSearchExecutableClass" tests="2" failures="0" timestamp="31 Mar 2020 20:16:05 GMT" time="144.768" errors="0">
  <testcase name="LetterList_Search" time="106.027" classname="com.esg.executableclasses.LetterListSearchExecutableClass"/>
  <testcase name="LetterListSearch_Login" time="38.741" classname="com.esg.executableclasses.LetterListSearchExecutableClass"/>
</testsuite> <!-- com.esg.executableclasses.LetterListSearchExecutableClass -->
