<?xml version="1.0" encoding="UTF-8"?>
<!-- Generated by org.testng.reporters.JUnitReportReporter -->
<testsuite hostname="DESKTOP-EQHIDO3" name="com.esg.executableclasses.MobileWebAppExecutableClass" tests="7" failures="0" timestamp="31 Mar 2020 21:43:43 GMT" time="1259.386" errors="0">
  <testcase name="OpenURL" time="24.057" classname="com.esg.executableclasses.MobileWebAppExecutableClass"/>
  <testcase name="ProgramLevelEligibityModule" time="205.522" classname="com.esg.executableclasses.MobileWebAppExecutableClass"/>
  <testcase name="AccountValidationErrorModule" time="237.088" classname="com.esg.executableclasses.MobileWebAppExecutableClass"/>
  <testcase name="ThresholdExceedModule" time="196.984" classname="com.esg.executableclasses.MobileWebAppExecutableClass"/>
  <testcase name="MeasurePropertyValidationErrorModule" time="195.178" classname="com.esg.executableclasses.MobileWebAppExecutableClass"/>
  <testcase name="PositiveWorkflowModule" time="199.047" classname="com.esg.executableclasses.MobileWebAppExecutableClass"/>
  <testcase name="MeasureEligibilityModule" time="201.510" classname="com.esg.executableclasses.MobileWebAppExecutableClass"/>
</testsuite> <!-- com.esg.executableclasses.MobileWebAppExecutableClass -->
