<?xml version="1.0" encoding="UTF-8"?>
<!-- Generated by org.testng.reporters.JUnitReportReporter -->
<testsuite hostname="DESKTOP-EQHIDO3" name="com.esg.executableclasses.SingleFileUploadExecutableClass" tests="7" failures="0" timestamp="6 Feb 2020 06:16:47 GMT" time="639.353" errors="0">
  <testcase name="EnrollmentModule" time="79.392" classname="com.esg.executableclasses.SingleFileUploadExecutableClass"/>
  <testcase name="GenerateInvoiceModule" time="98.961" classname="com.esg.executableclasses.SingleFileUploadExecutableClass"/>
  <testcase name="InvoicingModule" time="48.178" classname="com.esg.executableclasses.SingleFileUploadExecutableClass"/>
  <testcase name="Login_Module" time="21.258" classname="com.esg.executableclasses.SingleFileUploadExecutableClass"/>
  <testcase name="UploadFile_Module" time="219.456" classname="com.esg.executableclasses.SingleFileUploadExecutableClass"/>
  <testcase name="ApplicationValidationModule" time="83.617" classname="com.esg.executableclasses.SingleFileUploadExecutableClass"/>
  <testcase name="InstallationValidationModule" time="88.491" classname="com.esg.executableclasses.SingleFileUploadExecutableClass"/>
</testsuite> <!-- com.esg.executableclasses.SingleFileUploadExecutableClass -->
