<?xml version="1.0" encoding="UTF-8"?>
<!-- Generated by org.testng.reporters.JUnitReportReporter -->
<testsuite hostname="DESKTOP-EQHIDO3" name="com.esg.executableclasses.Enrollment_Propert_Check_ExecutableClass" tests="9" failures="0" timestamp="24 Feb 2020 10:45:38 GMT" time="1267.464" errors="0">
  <testcase name="CreateNewEnrollmentModule" time="60.386" classname="com.esg.executableclasses.Enrollment_Propert_Check_ExecutableClass"/>
  <testcase name="SetPropertyFieldsValidation_Module" time="202.407" classname="com.esg.executableclasses.Enrollment_Propert_Check_ExecutableClass"/>
  <testcase name="SetPropertyFieldsValidationAfterProcess_Module" time="213.724" classname="com.esg.executableclasses.Enrollment_Propert_Check_ExecutableClass"/>
  <testcase name="ApplicationFillUp_Module" time="72.185" classname="com.esg.executableclasses.Enrollment_Propert_Check_ExecutableClass"/>
  <testcase name="AddMeasure_Module" time="85.593" classname="com.esg.executableclasses.Enrollment_Propert_Check_ExecutableClass"/>
  <testcase name="EnrollmentPropertyFieldsValidation_Module" time="236.331" classname="com.esg.executableclasses.Enrollment_Propert_Check_ExecutableClass"/>
  <testcase name="EnrollmentPropertyFieldsValidationAfterProcess_Module" time="291.405" classname="com.esg.executableclasses.Enrollment_Propert_Check_ExecutableClass"/>
  <testcase name="LoginPage" time="36.281" classname="com.esg.executableclasses.Enrollment_Propert_Check_ExecutableClass"/>
  <testcase name="ApplicationDetailsValidationAfterSaveModule" time="69.152" classname="com.esg.executableclasses.Enrollment_Propert_Check_ExecutableClass"/>
</testsuite> <!-- com.esg.executableclasses.Enrollment_Propert_Check_ExecutableClass -->
