<?xml version="1.0" encoding="UTF-8"?>
<!-- Generated by org.testng.reporters.JUnitReportReporter -->
<testsuite hostname="DESKTOP-EQHIDO3" name="com.esg.executableclasses.Certified_Product_List_CPL_ExecutableClass" tests="1" failures="0" timestamp="6 Feb 2020 07:16:42 GMT" time="412.813" errors="0">
  <testcase name="WaterSense_Irrigation_Controller_Residential_Mobile_Application" time="412.813" classname="com.esg.executableclasses.Certified_Product_List_CPL_ExecutableClass"/>
</testsuite> <!-- com.esg.executableclasses.Certified_Product_List_CPL_ExecutableClass -->
