<?xml version="1.0" encoding="UTF-8"?>
<!-- Generated by org.testng.reporters.JUnitReportReporter -->
<testsuite hostname="DESKTOP-EQHIDO3" name="com.esg.executableclasses.MonitorExecutableClass" tests="4" failures="0" timestamp="9 Nov 2019 05:46:36 GMT" time="589.286" errors="0">
  <testcase name="Monitor6to7" time="193.587" classname="com.esg.executableclasses.MonitorExecutableClass"/>
  <testcase name="Monitor8to9" time="281.829" classname="com.esg.executableclasses.MonitorExecutableClass"/>
  <testcase name="Monitor1to5" time="63.881" classname="com.esg.executableclasses.MonitorExecutableClass"/>
  <testcase name="LoginAndOpenApplicationStep" time="49.989" classname="com.esg.executableclasses.MonitorExecutableClass"/>
</testsuite> <!-- com.esg.executableclasses.MonitorExecutableClass -->
