<?xml version="1.0" encoding="UTF-8"?>
<!-- Generated by org.testng.reporters.JUnitReportReporter -->
<testsuite hostname="DESKTOP-EQHIDO3" name="com.esg.executableclasses.Compressed_FileUpload_With_Installation_ExecutableClass" tests="8" failures="0" timestamp="31 Mar 2020 05:10:49 GMT" time="752.533" errors="0">
  <testcase name="InvoicingModule" time="95.041" classname="com.esg.executableclasses.Compressed_FileUpload_With_Installation_ExecutableClass"/>
  <testcase name="ApplicationValidationModule" time="91.235" classname="com.esg.executableclasses.Compressed_FileUpload_With_Installation_ExecutableClass"/>
  <testcase name="JobCostSummaryValidationModule" time="42.541" classname="com.esg.executableclasses.Compressed_FileUpload_With_Installation_ExecutableClass"/>
  <testcase name="LoginModule" time="42.071" classname="com.esg.executableclasses.Compressed_FileUpload_With_Installation_ExecutableClass"/>
  <testcase name="InstallationValidationModule" time="102.813" classname="com.esg.executableclasses.Compressed_FileUpload_With_Installation_ExecutableClass"/>
  <testcase name="GenerateInvoiceModule" time="105.844" classname="com.esg.executableclasses.Compressed_FileUpload_With_Installation_ExecutableClass"/>
  <testcase name="Upload" time="148.660" classname="com.esg.executableclasses.Compressed_FileUpload_With_Installation_ExecutableClass"/>
  <testcase name="EnrollmentModule" time="124.328" classname="com.esg.executableclasses.Compressed_FileUpload_With_Installation_ExecutableClass"/>
</testsuite> <!-- com.esg.executableclasses.Compressed_FileUpload_With_Installation_ExecutableClass -->
