<?xml version="1.0" encoding="UTF-8"?>
<!-- Generated by org.testng.reporters.JUnitReportReporter -->
<testsuite hostname="DESKTOP-EQHIDO3" name="com.esg.executableclasses.CreateNewLoanExecutableClass" tests="3" failures="0" timestamp="31 Mar 2020 20:53:14 GMT" time="698.417" errors="0">
  <testcase name="LoanSearch" time="354.482" classname="com.esg.executableclasses.CreateNewLoanExecutableClass"/>
  <testcase name="LoginStep" time="49.993" classname="com.esg.executableclasses.CreateNewLoanExecutableClass"/>
  <testcase name="CreateLoanModule" time="293.942" classname="com.esg.executableclasses.CreateNewLoanExecutableClass"/>
</testsuite> <!-- com.esg.executableclasses.CreateNewLoanExecutableClass -->
