<?xml version="1.0" encoding="UTF-8"?>
<!-- Generated by org.testng.reporters.JUnitReportReporter -->
<testsuite hostname="DESKTOP-EQHIDO3" name="com.esg.executableclasses.AddandtrackInventoryExecutableClass" tests="3" failures="0" timestamp="10 Feb 2020 08:52:33 GMT" time="212.585" errors="0">
  <testcase name="TrackInventory" time="125.465" classname="com.esg.executableclasses.AddandtrackInventoryExecutableClass"/>
  <testcase name="LoginMethod" time="21.974" classname="com.esg.executableclasses.AddandtrackInventoryExecutableClass"/>
  <testcase name="AddInventory" time="65.146" classname="com.esg.executableclasses.AddandtrackInventoryExecutableClass"/>
</testsuite> <!-- com.esg.executableclasses.AddandtrackInventoryExecutableClass -->
