<?xml version="1.0" encoding="UTF-8"?>
<!-- Generated by org.testng.reporters.JUnitReportReporter -->
<testsuite hostname="DESKTOP-EQHIDO3" name="com.esg.executableclasses.MobileWebAppExecutableClass" tests="7" failures="0" timestamp="24 Feb 2020 09:11:34 GMT" time="1302.689" errors="0">
  <testcase name="OpenURL" time="25.894" classname="com.esg.executableclasses.MobileWebAppExecutableClass"/>
  <testcase name="ThresholdExceedModule" time="206.202" classname="com.esg.executableclasses.MobileWebAppExecutableClass"/>
  <testcase name="PositiveWorkflowModule" time="214.953" classname="com.esg.executableclasses.MobileWebAppExecutableClass"/>
  <testcase name="MeasurePropertyValidationErrorModule" time="204.550" classname="com.esg.executableclasses.MobileWebAppExecutableClass"/>
  <testcase name="AccountValidationErrorModule" time="239.472" classname="com.esg.executableclasses.MobileWebAppExecutableClass"/>
  <testcase name="ProgramLevelEligibityModule" time="210.403" classname="com.esg.executableclasses.MobileWebAppExecutableClass"/>
  <testcase name="MeasureEligibilityModule" time="201.215" classname="com.esg.executableclasses.MobileWebAppExecutableClass"/>
</testsuite> <!-- com.esg.executableclasses.MobileWebAppExecutableClass -->
