<?xml version="1.0" encoding="UTF-8"?>
<!-- Generated by org.testng.reporters.JUnitReportReporter -->
<testsuite hostname="LIT-HYD-L037" name="com.esg.executableclasses.SavedOnlineApplication_ExecutableClass" tests="11" failures="0" timestamp="10 Oct 2019 10:25:04 GMT" time="83.897" errors="0">
  <testcase name="VerifyInstallationAddress_Saved_Online_Application_Step_2" time="0.428" classname="com.esg.executableclasses.SavedOnlineApplication_ExecutableClass"/>
  <testcase name="VerifyMailingAddress_Saved_Online_Application_Step_2" time="0.750" classname="com.esg.executableclasses.SavedOnlineApplication_ExecutableClass"/>
  <testcase name="Saved_Online_Application_Step_1" time="19.804" classname="com.esg.executableclasses.SavedOnlineApplication_ExecutableClass"/>
  <testcase name="AccessOnlineApplication" time="24.025" classname="com.esg.executableclasses.SavedOnlineApplication_ExecutableClass"/>
  <testcase name="VerifyCustmerInformation_Saved_Online_Application_Step_2" time="0.838" classname="com.esg.executableclasses.SavedOnlineApplication_ExecutableClass"/>
  <testcase name="VerifyGeneralApplicationInformation_Saved_Online_Application_Step_2" time="0.200" classname="com.esg.executableclasses.SavedOnlineApplication_ExecutableClass"/>
  <testcase name="Complete_Customer_Information_Saved_Online_Application_Step_2" time="15.387" classname="com.esg.executableclasses.SavedOnlineApplication_ExecutableClass"/>
  <testcase name="Complete_Installer_Information_Saved_Online_Application_Step_3" time="18.220" classname="com.esg.executableclasses.SavedOnlineApplication_ExecutableClass"/>
  <testcase name="VerifyAccountHolderTaxInformation_Saved_Online_Application_Step_2" time="0.572" classname="com.esg.executableclasses.SavedOnlineApplication_ExecutableClass"/>
  <testcase name="VerifyApplicantInformation_Saved_Online_Application_Step_2" time="0.552" classname="com.esg.executableclasses.SavedOnlineApplication_ExecutableClass"/>
  <testcase name="VerifyPropertyInformation_Saved_Online_Application_Step_2" time="3.121" classname="com.esg.executableclasses.SavedOnlineApplication_ExecutableClass"/>
</testsuite> <!-- com.esg.executableclasses.SavedOnlineApplication_ExecutableClass -->
