<?xml version="1.0" encoding="UTF-8"?>
<!-- Generated by org.testng.reporters.JUnitReportReporter -->
<testsuite hostname="DESKTOP-EQHIDO3" name="com.esg.executableclasses.SingleFileUploadExecutableClass" tests="7" failures="0" timestamp="25 Feb 2020 13:16:17 GMT" time="738.872" errors="0">
  <testcase name="ApplicationValidationModule" time="93.568" classname="com.esg.executableclasses.SingleFileUploadExecutableClass"/>
  <testcase name="InstallationValidationModule" time="94.097" classname="com.esg.executableclasses.SingleFileUploadExecutableClass"/>
  <testcase name="UploadFile_Module" time="189.763" classname="com.esg.executableclasses.SingleFileUploadExecutableClass"/>
  <testcase name="InvoicingModule" time="81.663" classname="com.esg.executableclasses.SingleFileUploadExecutableClass"/>
  <testcase name="Login_Module" time="49.607" classname="com.esg.executableclasses.SingleFileUploadExecutableClass"/>
  <testcase name="EnrollmentModule" time="99.341" classname="com.esg.executableclasses.SingleFileUploadExecutableClass"/>
  <testcase name="GenerateInvoiceModule" time="130.833" classname="com.esg.executableclasses.SingleFileUploadExecutableClass"/>
</testsuite> <!-- com.esg.executableclasses.SingleFileUploadExecutableClass -->
