<?xml version="1.0" encoding="UTF-8"?>
<!-- Generated by org.testng.reporters.JUnitReportReporter -->
<testsuite hostname="DESKTOP-EQHIDO3" name="com.esg.executableclasses.Ekpc_esapExecutableClass" tests="7" failures="0" timestamp="31 Mar 2020 14:43:02 GMT" time="704.618" errors="0">
  <testcase name="newmeasure" time="255.073" classname="com.esg.executableclasses.Ekpc_esapExecutableClass"/>
  <testcase name="login" time="41.535" classname="com.esg.executableclasses.Ekpc_esapExecutableClass"/>
  <testcase name="createnewenrollement" time="85.422" classname="com.esg.executableclasses.Ekpc_esapExecutableClass"/>
  <testcase name="OverrideModule" time="83.668" classname="com.esg.executableclasses.Ekpc_esapExecutableClass"/>
  <testcase name="ApplicationStatus_Module" time="120.993" classname="com.esg.executableclasses.Ekpc_esapExecutableClass"/>
  <testcase name="JobCostSummaryValidation_Module" time="51.027" classname="com.esg.executableclasses.Ekpc_esapExecutableClass"/>
  <testcase name="newenrollement" time="66.900" classname="com.esg.executableclasses.Ekpc_esapExecutableClass"/>
</testsuite> <!-- com.esg.executableclasses.Ekpc_esapExecutableClass -->
